
/home/runner/work/exp-inheritance-relationship-au/exp-inheritance-relationship-au/experiment/simulation/js/0.0b5d9a31.js
  1:2823    warning  't' is defined but never used  no-unused-vars
  1:6095    warning  't' is defined but never used  no-unused-vars
  1:9193    warning  't' is defined but never used  no-unused-vars
  1:12740   warning  't' is defined but never used  no-unused-vars
  1:15522   warning  't' is defined but never used  no-unused-vars
  1:18756   warning  't' is defined but never used  no-unused-vars
  1:22435   warning  't' is defined but never used  no-unused-vars
  1:25182   warning  't' is defined but never used  no-unused-vars
  1:28872   warning  't' is defined but never used  no-unused-vars
  1:32269   warning  't' is defined but never used  no-unused-vars
  1:35726   warning  't' is defined but never used  no-unused-vars
  1:38517   warning  't' is defined but never used  no-unused-vars
  1:41378   warning  't' is defined but never used  no-unused-vars
  1:44095   warning  't' is defined but never used  no-unused-vars
  1:46669   warning  't' is defined but never used  no-unused-vars
  1:49668   warning  't' is defined but never used  no-unused-vars
  1:52718   warning  't' is defined but never used  no-unused-vars
  1:55984   warning  't' is defined but never used  no-unused-vars
  1:59298   warning  't' is defined but never used  no-unused-vars
  1:62317   warning  't' is defined but never used  no-unused-vars
  1:65537   warning  't' is defined but never used  no-unused-vars
  1:104864  warning  't' is defined but never used  no-unused-vars
  1:105049  warning  't' is defined but never used  no-unused-vars
  1:105234  warning  't' is defined but never used  no-unused-vars
  1:105419  warning  't' is defined but never used  no-unused-vars
  1:105604  warning  't' is defined but never used  no-unused-vars
  1:105784  warning  't' is defined but never used  no-unused-vars
  1:105964  warning  't' is defined but never used  no-unused-vars
  1:106144  warning  't' is defined but never used  no-unused-vars
  1:106324  warning  't' is defined but never used  no-unused-vars
  1:106920  warning  't' is defined but never used  no-unused-vars
  1:107556  warning  't' is defined but never used  no-unused-vars
  1:108154  warning  't' is defined but never used  no-unused-vars
  1:108762  warning  't' is defined but never used  no-unused-vars
  1:109361  warning  't' is defined but never used  no-unused-vars
  1:110030  warning  't' is defined but never used  no-unused-vars
  1:110721  warning  't' is defined but never used  no-unused-vars
  1:111408  warning  't' is defined but never used  no-unused-vars
  1:112103  warning  't' is defined but never used  no-unused-vars
  1:112998  warning  't' is defined but never used  no-unused-vars
  1:113212  warning  'e' is defined but never used  no-unused-vars

/home/runner/work/exp-inheritance-relationship-au/exp-inheritance-relationship-au/experiment/simulation/js/109.66c093ea.js
  1:2436  warning  'e' is defined but never used  no-unused-vars
  1:2529  warning  'e' is defined but never used  no-unused-vars
  1:4536  warning  'e' is defined but never used  no-unused-vars

/home/runner/work/exp-inheritance-relationship-au/exp-inheritance-relationship-au/experiment/simulation/js/129.dc9b222e.js
  1:2821   warning  't' is defined but never used  no-unused-vars
  1:6093   warning  't' is defined but never used  no-unused-vars
  1:9191   warning  't' is defined but never used  no-unused-vars
  1:12108  warning  't' is defined but never used  no-unused-vars
  1:15342  warning  't' is defined but never used  no-unused-vars
  1:19021  warning  't' is defined but never used  no-unused-vars
  1:21768  warning  't' is defined but never used  no-unused-vars
  1:25458  warning  't' is defined but never used  no-unused-vars
  1:28855  warning  't' is defined but never used  no-unused-vars
  1:32312  warning  't' is defined but never used  no-unused-vars
  1:35103  warning  't' is defined but never used  no-unused-vars
  1:37964  warning  't' is defined but never used  no-unused-vars
  1:40681  warning  't' is defined but never used  no-unused-vars
  1:43255  warning  't' is defined but never used  no-unused-vars
  1:46254  warning  't' is defined but never used  no-unused-vars
  1:49304  warning  't' is defined but never used  no-unused-vars
  1:52570  warning  't' is defined but never used  no-unused-vars
  1:55884  warning  't' is defined but never used  no-unused-vars
  1:58903  warning  't' is defined but never used  no-unused-vars
  1:62123  warning  't' is defined but never used  no-unused-vars
  1:77329  warning  't' is defined but never used  no-unused-vars
  1:77508  warning  't' is defined but never used  no-unused-vars
  1:77691  warning  't' is defined but never used  no-unused-vars
  1:77874  warning  't' is defined but never used  no-unused-vars
  1:78052  warning  't' is defined but never used  no-unused-vars
  1:78236  warning  't' is defined but never used  no-unused-vars
  1:78426  warning  't' is defined but never used  no-unused-vars
  1:78616  warning  't' is defined but never used  no-unused-vars
  1:79086  warning  't' is defined but never used  no-unused-vars
  1:79542  warning  't' is defined but never used  no-unused-vars
  1:80012  warning  't' is defined but never used  no-unused-vars
  1:80842  warning  't' is defined but never used  no-unused-vars
  1:81391  warning  't' is defined but never used  no-unused-vars
  1:82192  warning  't' is defined but never used  no-unused-vars
  1:82990  warning  't' is defined but never used  no-unused-vars
  1:84020  warning  't' is defined but never used  no-unused-vars
  1:84234  warning  'e' is defined but never used  no-unused-vars

/home/runner/work/exp-inheritance-relationship-au/exp-inheritance-relationship-au/experiment/simulation/js/171.8e5a6100.js
  1:1813  warning  'e' is defined but never used  no-unused-vars

/home/runner/work/exp-inheritance-relationship-au/exp-inheritance-relationship-au/experiment/simulation/js/221.37a4cdf7.js
  1:1967  warning  'e' is defined but never used  no-unused-vars

/home/runner/work/exp-inheritance-relationship-au/exp-inheritance-relationship-au/experiment/simulation/js/255.39c7457c.js
  1:2276  warning  't' is defined but never used  no-unused-vars

/home/runner/work/exp-inheritance-relationship-au/exp-inheritance-relationship-au/experiment/simulation/js/277.dd19458c.js
  1:1932  warning  'e' is defined but never used  no-unused-vars

/home/runner/work/exp-inheritance-relationship-au/exp-inheritance-relationship-au/experiment/simulation/js/28.1fe51f62.js
  1:2505  warning  'a' is defined but never used  no-unused-vars

/home/runner/work/exp-inheritance-relationship-au/exp-inheritance-relationship-au/experiment/simulation/js/335.3b25eb4e.js
  1:1989  warning  'a' is defined but never used  no-unused-vars

/home/runner/work/exp-inheritance-relationship-au/exp-inheritance-relationship-au/experiment/simulation/js/336.a1d8d043.js
  1:2557  warning  'e' is defined but never used  no-unused-vars

/home/runner/work/exp-inheritance-relationship-au/exp-inheritance-relationship-au/experiment/simulation/js/358.72b1cbf7.js
  1:2259  warning  'e' is defined but never used  no-unused-vars

/home/runner/work/exp-inheritance-relationship-au/exp-inheritance-relationship-au/experiment/simulation/js/376.014f0c81.js
  1:2945  warning  'a' is defined but never used  no-unused-vars

/home/runner/work/exp-inheritance-relationship-au/exp-inheritance-relationship-au/experiment/simulation/js/401.37775c2a.js
  1:1993  warning  'e' is defined but never used  no-unused-vars

/home/runner/work/exp-inheritance-relationship-au/exp-inheritance-relationship-au/experiment/simulation/js/440.c00ba1b8.js
  1:2271  warning  't' is defined but never used  no-unused-vars

/home/runner/work/exp-inheritance-relationship-au/exp-inheritance-relationship-au/experiment/simulation/js/517.3a6f7a25.js
  1:2821   warning  't' is defined but never used  no-unused-vars
  1:6093   warning  't' is defined but never used  no-unused-vars
  1:9191   warning  't' is defined but never used  no-unused-vars
  1:12108  warning  't' is defined but never used  no-unused-vars
  1:15342  warning  't' is defined but never used  no-unused-vars
  1:19021  warning  't' is defined but never used  no-unused-vars
  1:21768  warning  't' is defined but never used  no-unused-vars
  1:25458  warning  't' is defined but never used  no-unused-vars
  1:28855  warning  't' is defined but never used  no-unused-vars
  1:32312  warning  't' is defined but never used  no-unused-vars
  1:35103  warning  't' is defined but never used  no-unused-vars
  1:37964  warning  't' is defined but never used  no-unused-vars
  1:40681  warning  't' is defined but never used  no-unused-vars
  1:43255  warning  't' is defined but never used  no-unused-vars
  1:46254  warning  't' is defined but never used  no-unused-vars
  1:49304  warning  't' is defined but never used  no-unused-vars
  1:52570  warning  't' is defined but never used  no-unused-vars
  1:55884  warning  't' is defined but never used  no-unused-vars
  1:58903  warning  't' is defined but never used  no-unused-vars
  1:62123  warning  't' is defined but never used  no-unused-vars
  1:77669  warning  't' is defined but never used  no-unused-vars
  1:77848  warning  't' is defined but never used  no-unused-vars
  1:78031  warning  't' is defined but never used  no-unused-vars
  1:78214  warning  't' is defined but never used  no-unused-vars
  1:78392  warning  't' is defined but never used  no-unused-vars
  1:78576  warning  't' is defined but never used  no-unused-vars
  1:78766  warning  't' is defined but never used  no-unused-vars
  1:78956  warning  't' is defined but never used  no-unused-vars
  1:79426  warning  't' is defined but never used  no-unused-vars
  1:79892  warning  't' is defined but never used  no-unused-vars
  1:80368  warning  't' is defined but never used  no-unused-vars
  1:81205  warning  't' is defined but never used  no-unused-vars
  1:81763  warning  't' is defined but never used  no-unused-vars
  1:82573  warning  't' is defined but never used  no-unused-vars
  1:83380  warning  't' is defined but never used  no-unused-vars
  1:84419  warning  't' is defined but never used  no-unused-vars
  1:84633  warning  'e' is defined but never used  no-unused-vars

/home/runner/work/exp-inheritance-relationship-au/exp-inheritance-relationship-au/experiment/simulation/js/592.da97c947.js
  1:2825   warning  'e' is defined but never used  no-unused-vars
  1:6097   warning  'e' is defined but never used  no-unused-vars
  1:9195   warning  'e' is defined but never used  no-unused-vars
  1:12742  warning  'e' is defined but never used  no-unused-vars
  1:15524  warning  'e' is defined but never used  no-unused-vars
  1:18758  warning  'e' is defined but never used  no-unused-vars
  1:22437  warning  'e' is defined but never used  no-unused-vars
  1:25184  warning  'e' is defined but never used  no-unused-vars
  1:28874  warning  'e' is defined but never used  no-unused-vars
  1:32271  warning  'e' is defined but never used  no-unused-vars
  1:35728  warning  'e' is defined but never used  no-unused-vars
  1:38519  warning  'e' is defined but never used  no-unused-vars
  1:41380  warning  'e' is defined but never used  no-unused-vars
  1:44097  warning  'e' is defined but never used  no-unused-vars
  1:46671  warning  'e' is defined but never used  no-unused-vars
  1:49670  warning  'e' is defined but never used  no-unused-vars
  1:52720  warning  'e' is defined but never used  no-unused-vars
  1:55986  warning  'e' is defined but never used  no-unused-vars
  1:59300  warning  'e' is defined but never used  no-unused-vars
  1:62319  warning  'e' is defined but never used  no-unused-vars
  1:65539  warning  'e' is defined but never used  no-unused-vars
  1:69027  warning  'e' is defined but never used  no-unused-vars

/home/runner/work/exp-inheritance-relationship-au/exp-inheritance-relationship-au/experiment/simulation/js/596.0c8f9575.js
  1:2499  warning  'e' is defined but never used  no-unused-vars

/home/runner/work/exp-inheritance-relationship-au/exp-inheritance-relationship-au/experiment/simulation/js/605.13e5fbe9.js
  1:543  warning  'e' is defined but never used  no-unused-vars
  1:545  warning  'a' is defined but never used  no-unused-vars
  1:547  warning  't' is defined but never used  no-unused-vars
  1:549  warning  'n' is defined but never used  no-unused-vars
  1:551  warning  'r' is defined but never used  no-unused-vars
  1:553  warning  'u' is defined but never used  no-unused-vars

/home/runner/work/exp-inheritance-relationship-au/exp-inheritance-relationship-au/experiment/simulation/js/63.b73c83a8.js
  1:2458  warning  't' is defined but never used  no-unused-vars

/home/runner/work/exp-inheritance-relationship-au/exp-inheritance-relationship-au/experiment/simulation/js/645.57d6c495.js
  1:2684  warning  'e' is defined but never used  no-unused-vars

/home/runner/work/exp-inheritance-relationship-au/exp-inheritance-relationship-au/experiment/simulation/js/673.516c2477.js
  1:2964  warning  't' is defined but never used  no-unused-vars

/home/runner/work/exp-inheritance-relationship-au/exp-inheritance-relationship-au/experiment/simulation/js/717.fad7e7f3.js
  1:2597  warning  'a' is defined but never used  no-unused-vars

/home/runner/work/exp-inheritance-relationship-au/exp-inheritance-relationship-au/experiment/simulation/js/73.07580c16.js
  1:2902  warning  't' is defined but never used  no-unused-vars

/home/runner/work/exp-inheritance-relationship-au/exp-inheritance-relationship-au/experiment/simulation/js/756.b51f24dd.js
  1:2495  warning  't' is defined but never used  no-unused-vars

/home/runner/work/exp-inheritance-relationship-au/exp-inheritance-relationship-au/experiment/simulation/js/836.8c0e84e1.js
  1:2266  warning  't' is defined but never used  no-unused-vars

/home/runner/work/exp-inheritance-relationship-au/exp-inheritance-relationship-au/experiment/simulation/js/880.74202ab4.js
  1:2104  warning  'e' is defined but never used  no-unused-vars

/home/runner/work/exp-inheritance-relationship-au/exp-inheritance-relationship-au/experiment/simulation/js/945.c439ed18.js
  1:2744  warning  't' is defined but never used  no-unused-vars

/home/runner/work/exp-inheritance-relationship-au/exp-inheritance-relationship-au/experiment/simulation/js/971.491d9310.js
  1:2542  warning  'e' is defined but never used  no-unused-vars

/home/runner/work/exp-inheritance-relationship-au/exp-inheritance-relationship-au/experiment/simulation/js/app.8910465a.js
  1:111   warning  'e' is defined but never used           no-unused-vars
  1:113   warning  'n' is defined but never used           no-unused-vars
  1:5235  warning  'i' is defined but never used           no-unused-vars
  1:8448  warning  'o' is assigned a value but never used  no-unused-vars

/home/runner/work/exp-inheritance-relationship-au/exp-inheritance-relationship-au/experiment/simulation/js/chunk-vendors.552d765d.js
  1:1813   warning  Empty block statement                                                            no-empty
  1:3883   warning  Do not access Object.prototype method 'hasOwnProperty' from target object        no-prototype-builtins
  1:5407   warning  Do not access Object.prototype method 'propertyIsEnumerable' from target object  no-prototype-builtins
  1:6037   warning  'b.get' is assigned to itself                                                    no-self-assign
  1:6049   warning  'b.has' is assigned to itself                                                    no-self-assign
  1:6061   warning  'b.set' is assigned to itself                                                    no-self-assign
  1:8223   warning  Empty block statement                                                            no-empty
  1:9006   warning  Empty block statement                                                            no-empty
  1:9311   warning  Empty block statement                                                            no-empty
  1:13496  warning  'e' is defined but never used                                                    no-unused-vars
  1:13915  warning  'e' is defined but never used                                                    no-unused-vars
  1:16594  warning  't' is defined but never used                                                    no-unused-vars
  1:16694  warning  'i' is defined but never used                                                    no-unused-vars
  1:16696  warning  's' is defined but never used                                                    no-unused-vars
  1:17381  warning  't' is defined but never used                                                    no-unused-vars
  1:18063  warning  Do not access Object.prototype method 'hasOwnProperty' from target object        no-prototype-builtins
  1:19235  warning  'e' is defined but never used                                                    no-unused-vars
  1:19237  warning  't' is defined but never used                                                    no-unused-vars
  1:19265  warning  'e' is defined but never used                                                    no-unused-vars
  1:19267  warning  't' is defined but never used                                                    no-unused-vars
  1:20908  warning  't' is defined but never used                                                    no-unused-vars
  1:23004  warning  't' is defined but never used                                                    no-unused-vars
  1:25681  warning  'r' is assigned a value but never used                                           no-unused-vars
  1:26364  warning  'e' is defined but never used                                                    no-unused-vars
  1:28042  warning  'n' is defined but never used                                                    no-unused-vars
  1:30234  warning  'u' is assigned a value but never used                                           no-unused-vars
  1:30246  warning  'a' is assigned a value but never used                                           no-unused-vars
  1:32615  warning  'e' is assigned a value but never used                                           no-unused-vars
  1:35136  warning  'de' is defined but never used                                                   no-unused-vars
  1:35599  warning  'ye' is defined but never used                                                   no-unused-vars
  1:35650  warning  'be' is defined but never used                                                   no-unused-vars
  1:36719  warning  'n' is assigned a value but never used                                           no-unused-vars
  1:39371  warning  'b' is assigned a value but never used                                           no-unused-vars
  1:39399  warning  'w' is assigned a value but never used                                           no-unused-vars
  1:39547  warning  'A' is assigned a value but never used                                           no-unused-vars
  1:40004  warning  Setter cannot return a value                                                     no-setter-return
  1:40444  warning  Setter cannot return a value                                                     no-setter-return
  1:40604  warning  'n' is assigned a value but never used                                           no-unused-vars
  1:40844  warning  Setter cannot return a value                                                     no-setter-return
  1:45247  warning  'n' is defined but never used                                                    no-unused-vars
  1:62751  warning  'n' is defined but never used                                                    no-unused-vars
  1:64905  warning  Unexpected constant condition                                                    no-constant-condition
  1:66130  warning  'i' is defined but never used                                                    no-unused-vars
  1:67165  warning  Expected a conditional expression and instead saw an assignment                  no-cond-assign
  1:78144  warning  Do not access Object.prototype method 'hasOwnProperty' from target object        no-prototype-builtins
  1:78166  warning  Do not access Object.prototype method 'hasOwnProperty' from target object        no-prototype-builtins
  7:1707   warning  Unnecessary escape character: \/                                                 no-useless-escape
  7:2935   warning  't' is defined but never used                                                    no-unused-vars
  7:10572  warning  Empty block statement                                                            no-empty
  7:14902  warning  'i' is defined but never used                                                    no-unused-vars
  7:20477  warning  'e' is defined but never used                                                    no-unused-vars

✖ 223 problems (0 errors, 223 warnings)

